# JRE version: Java(TM) SE Runtime Environment (21.0.1+12) (build 21.0.1+12-LTS-29)
# Java VM: Java HotSpot(TM) 64-Bit Server VM (21.0.1+12-LTS-29, mixed mode, sharing, tiered, compressed oops, compressed class ptrs, g1 gc, windows-amd64)
GC Precious Log:
 CardTable entry size: 512
 Card Set container configuration: InlinePtr #cards 5 size 8 Array Of Cards #cards 12 size 40 Howl #buckets 4 coarsen threshold 1843 Howl Bitmap #cards 512 size 80 coarsen threshold 460 Card regions per heap region 1 cards per card region 2048
 CPUs: 12 total, 12 available
 Memory: 7914M
 Large Page Support: Disabled
 NUMA Support: Disabled
 Compressed Oops: Enabled (32-bit)
 Heap Region Size: 1M
 Heap Min Capacity: 8M
 Heap Initial Capacity: 124M
 Heap Max Capacity: 2G
 Pre-touch: Disabled
 Parallel Workers: 10
 Concurrent Workers: 3
 Concurrent Refinement Workers: 10
 Periodic GC: Disabled
Heap:
 garbage-first heap   total 196608K, used 123882K [0x0000000080000000, 0x0000000100000000)
  region size 1024K, 27 young (27648K), 10 survivors (10240K)
 Metaspace       used 92982K, committed 95232K, reserved 557056K
  class space    used 13151K, committed 14272K, reserved 425984K
GC Heap History (20 events):
Event: 10.392 GC heap before
{Heap before GC invocations=16 (full 0):
 garbage-first heap   total 118784K, used 104543K [0x0000000080000000, 0x0000000100000000)
  region size 1024K, 48 young (49152K), 6 survivors (6144K)
 Metaspace       used 66600K, committed 68544K, reserved 491520K
  class space    used 9544K, committed 10496K, reserved 425984K
}
Event: 10.399 GC heap after
{Heap after GC invocations=17 (full 0):
 garbage-first heap   total 118784K, used 64362K [0x0000000080000000, 0x0000000100000000)
  region size 1024K, 6 young (6144K), 6 survivors (6144K)
 Metaspace       used 66600K, committed 68544K, reserved 491520K
  class space    used 9544K, committed 10496K, reserved 425984K
}
Event: 12.211 GC heap before
{Heap before GC invocations=17 (full 0):
 garbage-first heap   total 118784K, used 103274K [0x0000000080000000, 0x0000000100000000)
  region size 1024K, 45 young (46080K), 6 survivors (6144K)
 Metaspace       used 69291K, committed 71296K, reserved 491520K
  class space    used 9952K, committed 10944K, reserved 425984K
}
Event: 12.219 GC heap after
{Heap after GC invocations=18 (full 0):
 garbage-first heap   total 118784K, used 67920K [0x0000000080000000, 0x0000000100000000)
  region size 1024K, 6 young (6144K), 6 survivors (6144K)
 Metaspace       used 69291K, committed 71296K, reserved 491520K
  class space    used 9952K, committed 10944K, reserved 425984K
}
Event: 12.859 GC heap before
{Heap before GC invocations=19 (full 0):
 garbage-first heap   total 118784K, used 108880K [0x0000000080000000, 0x0000000100000000)
  region size 1024K, 42 young (43008K), 6 survivors (6144K)
 Metaspace       used 70726K, committed 72768K, reserved 491520K
  class space    used 10126K, committed 11136K, reserved 425984K
}
Event: 12.865 GC heap after
{Heap after GC invocations=20 (full 0):
 garbage-first heap   total 123904K, used 79830K [0x0000000080000000, 0x0000000100000000)
  region size 1024K, 6 young (6144K), 6 survivors (6144K)
 Metaspace       used 70726K, committed 72768K, reserved 491520K
  class space    used 10126K, committed 11136K, reserved 425984K
}
Event: 13.146 GC heap before
{Heap before GC invocations=20 (full 0):
 garbage-first heap   total 123904K, used 110550K [0x0000000080000000, 0x0000000100000000)
  region size 1024K, 36 young (36864K), 6 survivors (6144K)
 Metaspace       used 73518K, committed 75584K, reserved 491520K
  class space    used 10431K, committed 11456K, reserved 425984K
}
Event: 13.149 GC heap after
{Heap after GC invocations=21 (full 0):
 garbage-first heap   total 123904K, used 80451K [0x0000000080000000, 0x0000000100000000)
  region size 1024K, 2 young (2048K), 2 survivors (2048K)
 Metaspace       used 73518K, committed 75584K, reserved 491520K
  class space    used 10431K, committed 11456K, reserved 425984K
}
Event: 13.348 GC heap before
{Heap before GC invocations=21 (full 0):
 garbage-first heap   total 123904K, used 93763K [0x0000000080000000, 0x0000000100000000)
  region size 1024K, 16 young (16384K), 2 survivors (2048K)
 Metaspace       used 75381K, committed 77440K, reserved 557056K
  class space    used 10640K, committed 11712K, reserved 425984K
}
Event: 13.351 GC heap after
{Heap after GC invocations=22 (full 0):
 garbage-first heap   total 123904K, used 81847K [0x0000000080000000, 0x0000000100000000)
  region size 1024K, 3 young (3072K), 3 survivors (3072K)
 Metaspace       used 75381K, committed 77440K, reserved 557056K
  class space    used 10640K, committed 11712K, reserved 425984K
}
Event: 13.637 GC heap before
{Heap before GC invocations=23 (full 0):
 garbage-first heap   total 163840K, used 117687K [0x0000000080000000, 0x0000000100000000)
  region size 1024K, 32 young (32768K), 3 survivors (3072K)
 Metaspace       used 76670K, committed 78720K, reserved 557056K
  class space    used 10819K, committed 11840K, reserved 425984K
}
Event: 13.642 GC heap after
{Heap after GC invocations=24 (full 0):
 garbage-first heap   total 163840K, used 85180K [0x0000000080000000, 0x0000000100000000)
  region size 1024K, 4 young (4096K), 4 survivors (4096K)
 Metaspace       used 76670K, committed 78720K, reserved 557056K
  class space    used 10819K, committed 11840K, reserved 425984K
}
Event: 15.128 GC heap before
{Heap before GC invocations=24 (full 0):
 garbage-first heap   total 163840K, used 136380K [0x0000000080000000, 0x0000000100000000)
  region size 1024K, 54 young (55296K), 4 survivors (4096K)
 Metaspace       used 80500K, committed 82560K, reserved 557056K
  class space    used 11318K, committed 12352K, reserved 425984K
}
Event: 15.136 GC heap after
{Heap after GC invocations=25 (full 0):
 garbage-first heap   total 196608K, used 87448K [0x0000000080000000, 0x0000000100000000)
  region size 1024K, 6 young (6144K), 6 survivors (6144K)
 Metaspace       used 80500K, committed 82560K, reserved 557056K
  class space    used 11318K, committed 12352K, reserved 425984K
}
Event: 19.173 GC heap before
{Heap before GC invocations=25 (full 0):
 garbage-first heap   total 196608K, used 158104K [0x0000000080000000, 0x0000000100000000)
  region size 1024K, 75 young (76800K), 6 survivors (6144K)
 Metaspace       used 82649K, committed 84736K, reserved 557056K
  class space    used 11616K, committed 12672K, reserved 425984K
}
Event: 19.179 GC heap after
{Heap after GC invocations=26 (full 0):
 garbage-first heap   total 196608K, used 93048K [0x0000000080000000, 0x0000000100000000)
  region size 1024K, 9 young (9216K), 9 survivors (9216K)
 Metaspace       used 82649K, committed 84736K, reserved 557056K
  class space    used 11616K, committed 12672K, reserved 425984K
}
Event: 20.162 GC heap before
{Heap before GC invocations=26 (full 0):
 garbage-first heap   total 196608K, used 162680K [0x0000000080000000, 0x0000000100000000)
  region size 1024K, 77 young (78848K), 9 survivors (9216K)
 Metaspace       used 87447K, committed 89600K, reserved 557056K
  class space    used 12440K, committed 13504K, reserved 425984K
}
Event: 20.167 GC heap after
{Heap after GC invocations=27 (full 0):
 garbage-first heap   total 196608K, used 95619K [0x0000000080000000, 0x0000000100000000)
  region size 1024K, 3 young (3072K), 3 survivors (3072K)
 Metaspace       used 87447K, committed 89600K, reserved 557056K
  class space    used 12440K, committed 13504K, reserved 425984K
}
Event: 21.274 GC heap before
{Heap before GC invocations=27 (full 0):
 garbage-first heap   total 196608K, used 171395K [0x0000000080000000, 0x0000000100000000)
  region size 1024K, 74 young (75776K), 3 survivors (3072K)
 Metaspace       used 91030K, committed 93248K, reserved 557056K
  class space    used 12908K, committed 14016K, reserved 425984K
}
Event: 21.279 GC heap after
{Heap after GC invocations=28 (full 0):
 garbage-first heap   total 196608K, used 107498K [0x0000000080000000, 0x0000000100000000)
  region size 1024K, 10 young (10240K), 10 survivors (10240K)
 Metaspace       used 91030K, committed 93248K, reserved 557056K
  class space    used 12908K, committed 14016K, reserved 425984K
}

